::1 - - [18/Jun/2026 16:36:09] code 404, message File not found
::1 - - [18/Jun/2026 16:36:09] "GET / HTTP/1.1" 404 -
::1 - - [18/Jun/2026 16:38:03] code 404, message File not found
::1 - - [18/Jun/2026 16:38:03] "GET / HTTP/1.1" 404 -
::1 - - [18/Jun/2026 16:38:03] code 404, message File not found
::1 - - [18/Jun/2026 16:38:03] "GET /favicon.ico HTTP/1.1" 404 -
::1 - - [18/Jun/2026 16:38:21] code 404, message File not found
::1 - - [18/Jun/2026 16:38:21] "GET /index.html HTTP/1.1" 404 -
::1 - - [18/Jun/2026 16:45:50] code 404, message File not found
::1 - - [18/Jun/2026 16:45:50] "GET / HTTP/1.1" 404 -
::1 - - [18/Jun/2026 16:46:17] code 404, message File not found
::1 - - [18/Jun/2026 16:46:17] "GET /spa_data/ HTTP/1.1" 404 -
::1 - - [18/Jun/2026 16:46:22] code 404, message File not found
::1 - - [18/Jun/2026 16:46:22] "GET / HTTP/1.1" 404 -
::1 - - [18/Jun/2026 16:46:22] code 404, message File not found
::1 - - [18/Jun/2026 16:46:22] "GET /Documents/ HTTP/1.1" 404 -
::1 - - [18/Jun/2026 16:46:22] code 404, message File not found
::1 - - [18/Jun/2026 16:46:22] "GET /Users/ HTTP/1.1" 404 -
::1 - - [18/Jun/2026 16:46:22] code 404, message File not found
::1 - - [18/Jun/2026 16:46:22] "GET /spa_data/ HTTP/1.1" 404 -
::1 - - [18/Jun/2026 16:46:22] code 404, message File not found
::1 - - [18/Jun/2026 16:46:22] "GET /api/ HTTP/1.1" 404 -
::1 - - [18/Jun/2026 16:46:22] code 404, message File not found
::1 - - [18/Jun/2026 16:46:22] "GET /health HTTP/1.1" 404 -
::1 - - [18/Jun/2026 18:11:33] code 404, message File not found
::1 - - [18/Jun/2026 18:11:33] "GET / HTTP/1.1" 404 -
::1 - - [18/Jun/2026 18:25:53] code 404, message File not found
::1 - - [18/Jun/2026 18:25:53] "GET / HTTP/1.1" 404 -
