════════════════════════════════════════════════
 SPA — Sky + GoLive v2 Push
 2026-06-18 15:38:23
════════════════════════════════════════════════

Changes:
  • sky_monitor.py         — last_checked uses now_iso (not hardcoded 2026-05-22)
  • golive_checker.py      — consecutive_ready_days tracked + seeded from paper start
  • docs/GNOSIS_SAFE_SETUP.md — step-by-step Gnosis Safe deployment guide
  • KANBAN.json            — P0-FIX-004 closed, guide added to done

▶ Refreshing sky_status.json (on-chain query)...
  status=PENDING source=manual last_checked=2026-06-18T13:38:23

▶ Updating golive_status.json (consecutive_ready_days)...
  ready=True consecutive_ready_days=8

▶ spa_core/data_pipeline/sky_monitor.py
🚀 Пушу 1 файл(ов) в yurii-spa/SPA...
  ✅ sky_monitor.py (sha: e2d3da0f)

✅ Готово: 1 файл(ов)

▶ data/sky_status.json
🚀 Пушу 1 файл(ов) в yurii-spa/SPA...
  ✅ sky_status.json (sha: 49c1c5d0)

✅ Готово: 1 файл(ов)

▶ spa_core/paper_trading/golive_checker.py
🚀 Пушу 1 файл(ов) в yurii-spa/SPA...
  ✅ golive_checker.py (sha: fa1fbfce)

✅ Готово: 1 файл(ов)

▶ data/golive_status.json
🚀 Пушу 1 файл(ов) в yurii-spa/SPA...
  ✅ golive_status.json (sha: d61e274c)

✅ Готово: 1 файл(ов)

▶ docs/GNOSIS_SAFE_SETUP.md
🚀 Пушу 1 файл(ов) в yurii-spa/SPA...
  ✅ GNOSIS_SAFE_SETUP.md (sha: d7ad3ff8)

✅ Готово: 1 файл(ов)

▶ KANBAN.json
🚀 Пушу 1 файл(ов) в yurii-spa/SPA...
  ✅ KANBAN.json (sha: 19573a28)

✅ Готово: 1 файл(ов)


▶ Final GoLive score:

=== SPA GO-LIVE PREFLIGHT v1.0 ===
Date: 2026-06-18
Paper days: 9/30


════════════════════════════════════════════════
 Лог: logs/push_sky_golive_20260618_153823.log
════════════════════════════════════════════════
Нажми Enter для закрытия...